<?xml version="1.0" encoding="UTF-8"?>
<testsuite xmlns:xsi="http://www.w3.org/2001/XMLSchema-instance" xsi:noNamespaceSchemaLocation="https://maven.apache.org/surefire/maven-surefire-plugin/xsd/surefire-test-report-3.0.xsd" version="3.0" name="com.mycompany.irr00_group_project.services.RecommendationByCTest" time="0.23" tests="2" errors="2" skipped="0" failures="0">
  <properties>
[...]
</properties>
  <testcase name="testRecommendationsDoNotIncludeLikedItems" classname="com.mycompany.irr00_group_project.services.RecommendationByCTest" time="0.223">
    <error message="Index 0 out of bounds for length 0" type="java.lang.IndexOutOfBoundsException"><![CDATA[java.lang.IndexOutOfBoundsException: Index 0 out of bounds for length 0
	at java.base/jdk.internal.util.Preconditions.outOfBounds(Preconditions.java:100)
	at java.base/jdk.internal.util.Preconditions.outOfBoundsCheckIndex(Preconditions.java:106)
	at java.base/jdk.internal.util.Preconditions.checkIndex(Preconditions.java:302)
	at java.base/java.util.Objects.checkIndex(Objects.java:385)
	at java.base/java.util.ArrayList.get(ArrayList.java:427)
	at com.mycompany.irr00_group_project.services.Database.turnLineToReview(Database.java:466)
	at com.mycompany.irr00_group_project.services.Database.getReviews(Database.java:541)
	at com.mycompany.irr00_group_project.services.RecommendationByC.prepareCaches(RecommendationByC.java:85)
	at com.mycompany.irr00_group_project.services.RecommendationByC.getRecommendations(RecommendationByC.java:254)
	at com.mycompany.irr00_group_project.services.RecommendationByCTest.testRecommendationsDoNotIncludeLikedItems(RecommendationByCTest.java:93)
	at java.base/java.lang.reflect.Method.invoke(Method.java:580)
	at java.base/java.util.ArrayList.forEach(ArrayList.java:1596)
	at java.base/java.util.ArrayList.forEach(ArrayList.java:1596)
]]></error>
    <system-err><![CDATA[Failed to load avatar: /db/images/missing_assets/default_avatar.jpg - Internal graphics not initialized yet
]]></system-err>
  </testcase>
  <testcase name="testRecommendationsLimit" classname="com.mycompany.irr00_group_project.services.RecommendationByCTest" time="0.006">
    <error message="Index 0 out of bounds for length 0" type="java.lang.IndexOutOfBoundsException"><![CDATA[java.lang.IndexOutOfBoundsException: Index 0 out of bounds for length 0
	at java.base/jdk.internal.util.Preconditions.outOfBounds(Preconditions.java:100)
	at java.base/jdk.internal.util.Preconditions.outOfBoundsCheckIndex(Preconditions.java:106)
	at java.base/jdk.internal.util.Preconditions.checkIndex(Preconditions.java:302)
	at java.base/java.util.Objects.checkIndex(Objects.java:385)
	at java.base/java.util.ArrayList.get(ArrayList.java:427)
	at com.mycompany.irr00_group_project.services.Database.turnLineToReview(Database.java:466)
	at com.mycompany.irr00_group_project.services.Database.getReviews(Database.java:541)
	at com.mycompany.irr00_group_project.services.RecommendationByC.prepareCaches(RecommendationByC.java:85)
	at com.mycompany.irr00_group_project.services.RecommendationByC.getRecommendations(RecommendationByC.java:254)
	at com.mycompany.irr00_group_project.services.RecommendationByCTest.testRecommendationsLimit(RecommendationByCTest.java:102)
	at java.base/java.lang.reflect.Method.invoke(Method.java:580)
	at java.base/java.util.ArrayList.forEach(ArrayList.java:1596)
	at java.base/java.util.ArrayList.forEach(ArrayList.java:1596)
]]></error>
    <system-err><![CDATA[Failed to load avatar: /db/images/missing_assets/default_avatar.jpg - Internal graphics not initialized yet
]]></system-err>
  </testcase>
</testsuite>