<?xml version="1.0" encoding="UTF-8"?>
<testsuite xmlns:xsi="http://www.w3.org/2001/XMLSchema-instance" xsi:noNamespaceSchemaLocation="https://maven.apache.org/surefire/maven-surefire-plugin/xsd/surefire-test-report-3.0.xsd" version="3.0" name="com.mycompany.irr00_group_project.services.DatabaseTest" time="0.289" tests="45" errors="0" skipped="0" failures="0">
  <properties>
[...]
</properties>
  <testcase name="testGetAlbumsFromArtistThrowsOnEmpty" classname="com.mycompany.irr00_group_project.services.DatabaseTest" time="0.003"/>
  <testcase name="testAuthenticateEmptyUsername" classname="com.mycompany.irr00_group_project.services.DatabaseTest" time="0.002"/>
  <testcase name="testGetReviewsByUser" classname="com.mycompany.irr00_group_project.services.DatabaseTest" time="0.003">
    <system-err><![CDATA[Failed to load avatar: /db/images/missing_assets/default_avatar.jpg - Internal graphics not initialized yet
Failed to load avatar: /db/images/missing_assets/default_avatar.jpg - Internal graphics not initialized yet
Failed to load avatar: /db/images/missing_assets/default_avatar.jpg - Internal graphics not initialized yet
]]></system-err>
  </testcase>
  <testcase name="testAuthenticateNonExistentUser" classname="com.mycompany.irr00_group_project.services.DatabaseTest" time="0.002"/>
  <testcase name="testAuthenticate" classname="com.mycompany.irr00_group_project.services.DatabaseTest" time="0.09">
    <system-err><![CDATA[Failed to load avatar: /db/images/missing_assets/default_avatar.jpg - Internal graphics not initialized yet
Failed to load avatar: /db/images/missing_assets/default_avatar.jpg - Internal graphics not initialized yet
]]></system-err>
  </testcase>
  <testcase name="testGetReviewsByUserThrowsOnEmptyId" classname="com.mycompany.irr00_group_project.services.DatabaseTest" time="0.003">
    <system-err><![CDATA[Failed to load avatar: /db/images/missing_assets/default_avatar.jpg - Internal graphics not initialized yet
]]></system-err>
  </testcase>
  <testcase name="testAccessors" classname="com.mycompany.irr00_group_project.services.DatabaseTest" time="0.002"/>
  <testcase name="testSearchUsersThrowsOnNull" classname="com.mycompany.irr00_group_project.services.DatabaseTest" time="0.003"/>
  <testcase name="testGetSongsFromAlbumThrowsOnEmpty" classname="com.mycompany.irr00_group_project.services.DatabaseTest" time="0.002"/>
  <testcase name="testGetSongsFromAlbum" classname="com.mycompany.irr00_group_project.services.DatabaseTest" time="0.006"/>
  <testcase name="testSearchUsers" classname="com.mycompany.irr00_group_project.services.DatabaseTest" time="0.003">
    <system-err><![CDATA[Failed to load avatar: /db/images/missing_assets/default_avatar.jpg - Internal graphics not initialized yet
Failed to load avatar: /db/images/missing_assets/default_avatar.jpg - Internal graphics not initialized yet
Failed to load avatar: /db/images/missing_assets/default_avatar.jpg - Internal graphics not initialized yet
Failed to load avatar: /db/images/missing_assets/default_avatar.jpg - Internal graphics not initialized yet
Failed to load avatar: /db/images/missing_assets/default_avatar.jpg - Internal graphics not initialized yet
]]></system-err>
  </testcase>
  <testcase name="testGetFollowedUsersThrowsOnNull" classname="com.mycompany.irr00_group_project.services.DatabaseTest" time="0.006"/>
  <testcase name="testGetReviewLikesThrowsOnNull" classname="com.mycompany.irr00_group_project.services.DatabaseTest" time="0.002"/>
  <testcase name="testAddUserAndGetUserById" classname="com.mycompany.irr00_group_project.services.DatabaseTest" time="0.002">
    <system-err><![CDATA[Failed to load avatar: /db/images/missing_assets/default_avatar.jpg - Internal graphics not initialized yet
Failed to load avatar: /db/images/missing_assets/default_avatar.jpg - Internal graphics not initialized yet
]]></system-err>
  </testcase>
  <testcase name="testAddUserThrowsOnNullPassword" classname="com.mycompany.irr00_group_project.services.DatabaseTest" time="0.002">
    <system-err><![CDATA[Failed to load avatar: /db/images/missing_assets/default_avatar.jpg - Internal graphics not initialized yet
]]></system-err>
  </testcase>
  <testcase name="testGetFollowedUsers" classname="com.mycompany.irr00_group_project.services.DatabaseTest" time="0.002">
    <system-err><![CDATA[Failed to load avatar: /db/images/missing_assets/default_avatar.jpg - Internal graphics not initialized yet
Failed to load avatar: /db/images/missing_assets/default_avatar.jpg - Internal graphics not initialized yet
Failed to load avatar: /db/images/missing_assets/default_avatar.jpg - Internal graphics not initialized yet
Failed to load avatar: /db/images/missing_assets/default_avatar.jpg - Internal graphics not initialized yet
]]></system-err>
  </testcase>
  <testcase name="testGetReviewLikes" classname="com.mycompany.irr00_group_project.services.DatabaseTest" time="0.002">
    <system-err><![CDATA[Failed to load avatar: /db/images/missing_assets/default_avatar.jpg - Internal graphics not initialized yet
]]></system-err>
  </testcase>
  <testcase name="testAuthenticateEmptyPassword" classname="com.mycompany.irr00_group_project.services.DatabaseTest" time="0.002"/>
  <testcase name="testGetReviewRatingReturnsZeroIfNoReviews" classname="com.mycompany.irr00_group_project.services.DatabaseTest" time="0.002"/>
  <testcase name="testAddUserThrowsOnEmptyPassword" classname="com.mycompany.irr00_group_project.services.DatabaseTest" time="0.004">
    <system-err><![CDATA[Failed to load avatar: /db/images/missing_assets/default_avatar.jpg - Internal graphics not initialized yet
]]></system-err>
  </testcase>
  <testcase name="testGetSongsFromArtistThrowsOnEmpty" classname="com.mycompany.irr00_group_project.services.DatabaseTest" time="0.002"/>
  <testcase name="testGetUserByIdReturnsNullIfNotFound" classname="com.mycompany.irr00_group_project.services.DatabaseTest" time="0.002"/>
  <testcase name="testGetReviewableTable" classname="com.mycompany.irr00_group_project.services.DatabaseTest" time="0.002"/>
  <testcase name="testAddUserThrowsOnNullSalt" classname="com.mycompany.irr00_group_project.services.DatabaseTest" time="0.002">
    <system-err><![CDATA[Failed to load avatar: /db/images/missing_assets/default_avatar.jpg - Internal graphics not initialized yet
]]></system-err>
  </testcase>
  <testcase name="testAddUserThrowsOnNullUser" classname="com.mycompany.irr00_group_project.services.DatabaseTest" time="0.001"/>
  <testcase name="testGetReviewLikesThrowsOnEmpty" classname="com.mycompany.irr00_group_project.services.DatabaseTest" time="0.002"/>
  <testcase name="testAuthenticateNullUsername" classname="com.mycompany.irr00_group_project.services.DatabaseTest" time="0.005"/>
  <testcase name="testGetSongsFromArtistThrowsOnNull" classname="com.mycompany.irr00_group_project.services.DatabaseTest" time="0.002"/>
  <testcase name="testGetUserByIdThrowsOnEmpty" classname="com.mycompany.irr00_group_project.services.DatabaseTest" time="0.007"/>
  <testcase name="testGetReviewRating" classname="com.mycompany.irr00_group_project.services.DatabaseTest" time="0.004">
    <system-err><![CDATA[Failed to load avatar: /db/images/missing_assets/default_avatar.jpg - Internal graphics not initialized yet
Failed to load avatar: /db/images/missing_assets/default_avatar.jpg - Internal graphics not initialized yet
Failed to load avatar: /db/images/missing_assets/default_avatar.jpg - Internal graphics not initialized yet
]]></system-err>
  </testcase>
  <testcase name="testAuthenticateWrongPassword" classname="com.mycompany.irr00_group_project.services.DatabaseTest" time="0.047">
    <system-err><![CDATA[Failed to load avatar: /db/images/missing_assets/default_avatar.jpg - Internal graphics not initialized yet
]]></system-err>
  </testcase>
  <testcase name="testGetSongsFromArtist" classname="com.mycompany.irr00_group_project.services.DatabaseTest" time="0.004"/>
  <testcase name="testGetAlbumsFromArtist" classname="com.mycompany.irr00_group_project.services.DatabaseTest" time="0.003"/>
  <testcase name="testSearchReviewablesEmptyQuery" classname="com.mycompany.irr00_group_project.services.DatabaseTest" time="0.002"/>
  <testcase name="testGetUserByIdThrowsOnNull" classname="com.mycompany.irr00_group_project.services.DatabaseTest" time="0.002"/>
  <testcase name="testAddUserThrowsOnEmptySalt" classname="com.mycompany.irr00_group_project.services.DatabaseTest" time="0.002">
    <system-err><![CDATA[Failed to load avatar: /db/images/missing_assets/default_avatar.jpg - Internal graphics not initialized yet
]]></system-err>
  </testcase>
  <testcase name="testGetAlbumsFromArtistThrowsOnNull" classname="com.mycompany.irr00_group_project.services.DatabaseTest" time="0.006"/>
  <testcase name="testGetSongsFromAlbumThrowsOnNull" classname="com.mycompany.irr00_group_project.services.DatabaseTest" time="0.004"/>
  <testcase name="testAuthenticateNullPassword" classname="com.mycompany.irr00_group_project.services.DatabaseTest" time="0.002"/>
  <testcase name="testGetReviewRatingThrowsOnNull" classname="com.mycompany.irr00_group_project.services.DatabaseTest" time="0.002"/>
  <testcase name="testSearchUsersThrowsOnEmpty" classname="com.mycompany.irr00_group_project.services.DatabaseTest" time="0.002"/>
  <testcase name="testSearchReviewables" classname="com.mycompany.irr00_group_project.services.DatabaseTest" time="0.003"/>
  <testcase name="testTurnLineToReviewableHandlesUnknownType" classname="com.mycompany.irr00_group_project.services.DatabaseTest" time="0.002"/>
  <testcase name="testGetReviewsByUserThrowsOnNull" classname="com.mycompany.irr00_group_project.services.DatabaseTest" time="0.002"/>
  <testcase name="testGetFollowedUsersThrowsOnEmpty" classname="com.mycompany.irr00_group_project.services.DatabaseTest" time="0.002"/>
</testsuite>